2017/05/03 17:22:53 [warning] [application] cant =0 id_equipo 1 fecha  horom_m 
in I:\dalvarado\Dropbox\Proyecto OTs\SISTEMA _WEB\WEB\protected\controllers\RegistroMantencionController.php (76)
in I:\dalvarado\Dropbox\Proyecto OTs\SISTEMA _WEB\WEB\index.php (13)
2017/05/03 17:22:53 [warning] [application] cant =0 id_equipo 2 fecha 01-05-2017 horom_m 98090
in I:\dalvarado\Dropbox\Proyecto OTs\SISTEMA _WEB\WEB\protected\controllers\RegistroMantencionController.php (76)
in I:\dalvarado\Dropbox\Proyecto OTs\SISTEMA _WEB\WEB\index.php (13)
2017/05/03 17:22:53 [warning] [application] cant =1 id_equipo 3 fecha  horom_m 
in I:\dalvarado\Dropbox\Proyecto OTs\SISTEMA _WEB\WEB\protected\controllers\RegistroMantencionController.php (76)
in I:\dalvarado\Dropbox\Proyecto OTs\SISTEMA _WEB\WEB\index.php (13)
2017/05/03 17:22:53 [warning] [application] cant =1
in I:\dalvarado\Dropbox\Proyecto OTs\SISTEMA _WEB\WEB\protected\controllers\RegistroMantencionController.php (87)
in I:\dalvarado\Dropbox\Proyecto OTs\SISTEMA _WEB\WEB\index.php (13)
2017/05/03 17:24:43 [warning] [application] cant =0 id_equipo 1 fecha  horom_m 
in I:\dalvarado\Dropbox\Proyecto OTs\SISTEMA _WEB\WEB\protected\controllers\RegistroMantencionController.php (76)
in I:\dalvarado\Dropbox\Proyecto OTs\SISTEMA _WEB\WEB\index.php (13)
2017/05/03 17:24:43 [warning] [application] cant =0 id_equipo 2 fecha 2017-05-01 horom_m 98090
in I:\dalvarado\Dropbox\Proyecto OTs\SISTEMA _WEB\WEB\protected\controllers\RegistroMantencionController.php (76)
in I:\dalvarado\Dropbox\Proyecto OTs\SISTEMA _WEB\WEB\index.php (13)
2017/05/03 17:24:43 [warning] [application] cant =1 id_equipo 3 fecha  horom_m 
in I:\dalvarado\Dropbox\Proyecto OTs\SISTEMA _WEB\WEB\protected\controllers\RegistroMantencionController.php (76)
in I:\dalvarado\Dropbox\Proyecto OTs\SISTEMA _WEB\WEB\index.php (13)
2017/05/03 17:24:43 [warning] [application] cant =1
in I:\dalvarado\Dropbox\Proyecto OTs\SISTEMA _WEB\WEB\protected\controllers\RegistroMantencionController.php (87)
in I:\dalvarado\Dropbox\Proyecto OTs\SISTEMA _WEB\WEB\index.php (13)
2017/05/03 17:33:57 [error] [exception.CException] exception 'CException' with message 'EWebUser y sus behaviors no tienen un método o closure llamado "A2".' in I:\dalvarado\Dropbox\Proyecto OTs\SISTEMA _WEB\WEB\yii\framework\base\CComponent.php:266
Stack trace:
#0 I:\dalvarado\Dropbox\Proyecto OTs\SISTEMA _WEB\WEB\yii\framework\base\CComponent.php(612) : eval()'d code(1): CComponent->__call('A2', Array)
#1 I:\dalvarado\Dropbox\Proyecto OTs\SISTEMA _WEB\WEB\yii\framework\base\CComponent.php(612) : eval()'d code(1): EWebUser->A2()
#2 I:\dalvarado\Dropbox\Proyecto OTs\SISTEMA _WEB\WEB\yii\framework\base\CComponent.php(612): eval()
#3 I:\dalvarado\Dropbox\Proyecto OTs\SISTEMA _WEB\WEB\yii\framework\web\auth\CAccessControlFilter.php(392): CComponent->evaluateExpression('$user->A2()', Array)
#4 I:\dalvarado\Dropbox\Proyecto OTs\SISTEMA _WEB\WEB\yii\framework\web\auth\CAccessControlFilter.php(288): CAccessRule->isExpressionMatched(Object(EWebUser))
#5 I:\dalvarado\Dropbox\Proyecto OTs\SISTEMA _WEB\WEB\yii\framework\web\auth\CAccessControlFilter.php(138): CAccessRule->isUserAllowed(Object(EWebUser), Object(RegistroHorometroController), Object(CInlineAction), '::1', 'GET')
#6 I:\dalvarado\Dropbox\Proyecto OTs\SISTEMA _WEB\WEB\yii\framework\web\filters\CFilter.php(38): CAccessControlFilter->preFilter(Object(CFilterChain))
#7 I:\dalvarado\Dropbox\Proyecto OTs\SISTEMA _WEB\WEB\yii\framework\web\CController.php(1145): CFilter->filter(Object(CFilterChain))
#8 I:\dalvarado\Dropbox\Proyecto OTs\SISTEMA _WEB\WEB\yii\framework\web\filters\CInlineFilter.php(58): CController->filterAccessControl(Object(CFilterChain))
#9 I:\dalvarado\Dropbox\Proyecto OTs\SISTEMA _WEB\WEB\yii\framework\web\filters\CFilterChain.php(130): CInlineFilter->filter(Object(CFilterChain))
#10 I:\dalvarado\Dropbox\Proyecto OTs\SISTEMA _WEB\WEB\yii\framework\web\CController.php(291): CFilterChain->run()
#11 I:\dalvarado\Dropbox\Proyecto OTs\SISTEMA _WEB\WEB\yii\framework\web\CController.php(265): CController->runActionWithFilters(Object(CInlineAction), Array)
#12 I:\dalvarado\Dropbox\Proyecto OTs\SISTEMA _WEB\WEB\yii\framework\web\CWebApplication.php(282): CController->run('')
#13 I:\dalvarado\Dropbox\Proyecto OTs\SISTEMA _WEB\WEB\yii\framework\web\CWebApplication.php(141): CWebApplication->runController('registroHoromet...')
#14 I:\dalvarado\Dropbox\Proyecto OTs\SISTEMA _WEB\WEB\yii\framework\base\CApplication.php(180): CWebApplication->processRequest()
#15 I:\dalvarado\Dropbox\Proyecto OTs\SISTEMA _WEB\WEB\index.php(13): CApplication->run()
#16 {main}
REQUEST_URI=/ots/WEB/registroHorometro
---
2017/05/03 17:37:53 [warning] [application] cant =3
in I:\dalvarado\Dropbox\Proyecto OTs\SISTEMA _WEB\WEB\protected\controllers\RegistroHorometroController.php (87)
in I:\dalvarado\Dropbox\Proyecto OTs\SISTEMA _WEB\WEB\index.php (13)
